<?xml version="1.0" encoding="UTF-8"?>
<testsuite xmlns:xsi="http://www.w3.org/2001/XMLSchema-instance" xsi:noNamespaceSchemaLocation="https://maven.apache.org/surefire/maven-surefire-plugin/xsd/surefire-test-report.xsd" version="3.0.2" name="runner.TestRunner" time="16.167" tests="1" errors="0" skipped="0" failures="0">
  <properties>
[...]
</properties>
  <testcase name="ESS user uploads a profile picture" classname="Profile Picture Upload" time="15.881">
    <system-out><![CDATA[
@US7
Scenario: ESS user uploads a profile picture               &amp#27;[90m# src/test/resources/features/profile_picture.feature:5&amp#27;[0m
  &amp#27;[32mGiven &amp#27;[0m&amp#27;[32mESS user is logged in for profile picture upload&amp#27;[0m   &amp#27;[90m# steps.ProfilePictureSteps.ess_user_logged_in_for_profile_picture()&amp#27;[0m
  &amp#27;[32mWhen &amp#27;[0m&amp#27;[32mESS user navigates to profile picture of &amp#27;[0m&amp#27;[32m&amp#27;[1m"Ali Veli"&amp#27;[0m &amp#27;[90m# steps.ProfilePictureSteps.ess_user_navigates_to_profile_picture(java.lang.String)&amp#27;[0m
  &amp#27;[32mThen &amp#27;[0m&amp#27;[32mProfile picture section should be displayed&amp#27;[0m         &amp#27;[90m# steps.ProfilePictureSteps.profile_picture_section_displayed()&amp#27;[0m
  &amp#27;[32mWhen &amp#27;[0m&amp#27;[32mESS user uploads a profile picture&amp#27;[0m                  &amp#27;[90m# steps.ProfilePictureSteps.ess_user_uploads_profile_picture()&amp#27;[0m
]]></system-out>
    <system-err><![CDATA[SLF4J(W): No SLF4J providers were found.
SLF4J(W): Defaulting to no-operation (NOP) logger implementation
SLF4J(W): See https://www.slf4j.org/codes.html#noProviders for further details.
Jan 21, 2026 2:20:21 AM org.openqa.selenium.devtools.CdpVersionFinder findNearestMatch
WARNING: Unable to find CDP implementation matching 143
Jan 21, 2026 2:20:21 AM org.openqa.selenium.chromium.ChromiumDriver lambda$new$5
WARNING: Unable to find version of CDP to use for 143.0.7499.193. You may need to include a dependency on a specific version of the CDP using something similar to `org.seleniumhq.selenium:selenium-devtools-v86:4.22.0` where the version ("v86") matches the version of the chromium-based browser you're using and the version number of the artifact is the same as Selenium's.
]]></system-err>
  </testcase>
</testsuite>